<?xml version="1.0" encoding="UTF-8"?>
<testsuite xmlns:xsi="http://www.w3.org/2001/XMLSchema-instance" xsi:noNamespaceSchemaLocation="https://maven.apache.org/surefire/maven-surefire-plugin/xsd/surefire-test-report-3.0.xsd" version="3.0" name="TestSuite" time="189.74" tests="4" errors="0" skipped="0" failures="2">
  <properties>
[...]
</properties>
  <testcase name="loginApp" classname="AutomationFramework.mobile.ShaadiAndroidApp" time="19.957">
    <system-out><![CDATA[browserStack: true
true
]]></system-out>
    <system-err><![CDATA[SLF4J: Failed to load class "org.slf4j.impl.StaticLoggerBinder".
SLF4J: Defaulting to no-operation (NOP) logger implementation
SLF4J: See http://www.slf4j.org/codes.html#StaticLoggerBinder for further details.
Aug 16, 2021 10:44:03 PM io.appium.java_client.remote.AppiumCommandExecutor$1 lambda$0
INFO: Detected dialect: OSS
]]></system-err>
  </testcase>
  <testcase name="navigateShaadiPage" classname="AutomationFramework.mobile.ShaadiAndroidApp" time="92.453"/>
  <testcase name="sendConnectiontoPrimiumMatch" classname="AutomationFramework.mobile.ShaadiAndroidApp" time="7.16">
    <failure message="expected [true] but found [false]" type="java.lang.AssertionError"><![CDATA[java.lang.AssertionError: expected [true] but found [false]
	at AutomationFramework.mobile.ShaadiAndroidApp.sendConnectiontoPrimiumMatch(ShaadiAndroidApp.java:117)
]]></failure>
  </testcase>
  <testcase name="sendConnectiontoNewMatch" classname="AutomationFramework.mobile.ShaadiAndroidApp" time="36.132">
    <failure message="An element could not be located on the page using the given search parameters. (WARNING: The server did not provide any stacktrace information)&#10;Command duration or timeout: 0 milliseconds&#10;For documentation on this error, please visit: https://www.seleniumhq.org/exceptions/no_such_element.html&#10;Build info: version: &apos;3.141.59&apos;, revision: &apos;e82be7d358&apos;, time: &apos;2018-11-14T08:17:03&apos;&#10;System info: host: &apos;M5337769&apos;, ip: &apos;172.30.128.1&apos;, os.name: &apos;Windows 10&apos;, os.arch: &apos;amd64&apos;, os.version: &apos;10.0&apos;, java.version: &apos;1.8.0_66&apos;&#10;Driver info: io.appium.java_client.android.AndroidDriver&#10;Capabilities {64bit: false, acceptSslCert: false, acceptSslCerts: false, adbExecTimeout: 120000, appActivity: com.shaadi.android.ui.splas..., appPackage: com.shaadi.android, automationName: uiautomator2, browserstack.appium_version: 1.17.0, browserstack.is_hub_canary: false, browserstack.minOSVersion: 5.0, bundleID: com.shaadi.android, bundleId: com.shaadi.android, chromeOptions: {w3c: false}, chromedriverPort: 18081, chromedriverPorts: [[18111, 18121]], databaseEnabled: false, detected_language: selenium/3.141.59 (java win..., device: google pixel 3, deviceApiLevel: 28, deviceManufacturer: Google, deviceModel: Pixel 3, deviceName: 88PX01Z40, deviceScreenDensity: 440, deviceScreenSize: 1080x2160, deviceUDID: 88PX01Z40, enablePerformanceLogging: false, javascriptEnabled: true, locationContextEnabled: false, mobile: {browser: mobile, version: Google Pixel 3-9.0}, nativeWebScreenshot: true, networkConnectionEnabled: true, newCommandTimeout: 0, new_bucketing: true, orig_os: android, osVersion: 9.0, os_version: 9.0, pixelRatio: 2.75, platform: ANDROID, platformName: Android, platformVersion: 9, realMobile: true, skipServerInstallation: true, statBarHeight: 66, systemPort: 8201, takesScreenshot: true, udid: 88PX01Z40, uiautomator2ServerLaunchTimeout: 60000, version: , viewportRect: {height: 1962, left: 0, top: 66, width: 1080}, warnings: {}, webStorageEnabled: false}&#10;Session ID: d0c30cf123d11243746ffc54ac9228b96eb6a79d&#10;*** Element info: {Using=xpath, value=//android.widget.TextView[@text=&apos;New Matches&apos;]}" type="org.openqa.selenium.NoSuchElementException"><![CDATA[org.openqa.selenium.NoSuchElementException: 
An element could not be located on the page using the given search parameters. (WARNING: The server did not provide any stacktrace information)
Command duration or timeout: 0 milliseconds
For documentation on this error, please visit: https://www.seleniumhq.org/exceptions/no_such_element.html
Build info: version: '3.141.59', revision: 'e82be7d358', time: '2018-11-14T08:17:03'
System info: host: 'M5337769', ip: '172.30.128.1', os.name: 'Windows 10', os.arch: 'amd64', os.version: '10.0', java.version: '1.8.0_66'
Driver info: io.appium.java_client.android.AndroidDriver
Capabilities {64bit: false, acceptSslCert: false, acceptSslCerts: false, adbExecTimeout: 120000, appActivity: com.shaadi.android.ui.splas..., appPackage: com.shaadi.android, automationName: uiautomator2, browserstack.appium_version: 1.17.0, browserstack.is_hub_canary: false, browserstack.minOSVersion: 5.0, bundleID: com.shaadi.android, bundleId: com.shaadi.android, chromeOptions: {w3c: false}, chromedriverPort: 18081, chromedriverPorts: [[18111, 18121]], databaseEnabled: false, detected_language: selenium/3.141.59 (java win..., device: google pixel 3, deviceApiLevel: 28, deviceManufacturer: Google, deviceModel: Pixel 3, deviceName: 88PX01Z40, deviceScreenDensity: 440, deviceScreenSize: 1080x2160, deviceUDID: 88PX01Z40, enablePerformanceLogging: false, javascriptEnabled: true, locationContextEnabled: false, mobile: {browser: mobile, version: Google Pixel 3-9.0}, nativeWebScreenshot: true, networkConnectionEnabled: true, newCommandTimeout: 0, new_bucketing: true, orig_os: android, osVersion: 9.0, os_version: 9.0, pixelRatio: 2.75, platform: ANDROID, platformName: Android, platformVersion: 9, realMobile: true, skipServerInstallation: true, statBarHeight: 66, systemPort: 8201, takesScreenshot: true, udid: 88PX01Z40, uiautomator2ServerLaunchTimeout: 60000, version: , viewportRect: {height: 1962, left: 0, top: 66, width: 1080}, warnings: {}, webStorageEnabled: false}
Session ID: d0c30cf123d11243746ffc54ac9228b96eb6a79d
*** Element info: {Using=xpath, value=//android.widget.TextView[@text='New Matches']}
	at AutomationFramework.mobile.ShaadiAndroidApp.sendConnectiontoNewMatch(ShaadiAndroidApp.java:157)
]]></failure>
    <system-out><![CDATA[<?xml version='1.0' encoding='UTF-8' standalone='yes' ?>
<hierarchy index="0" class="hierarchy" rotation="0" width="1080" height="2028">
  <android.widget.FrameLayout index="0" package="com.shaadi.android" class="android.widget.FrameLayout" text="" checkable="false" checked="false" clickable="false" enabled="true" focusable="false" focused="false" long-clickable="false" password="false" scrollable="false" selected="false" bounds="[0,0][1080,2028]" displayed="true">
    <android.widget.LinearLayout index="0" package="com.shaadi.android" class="android.widget.LinearLayout" text="" checkable="false" checked="false" clickable="false" enabled="true" focusable="false" focused="false" long-clickable="false" password="false" scrollable="false" selected="false" bounds="[0,0][1080,2028]" displayed="true">
      <android.widget.FrameLayout index="0" package="com.shaadi.android" class="android.widget.FrameLayout" text="" checkable="false" checked="false" clickable="false" enabled="true" focusable="false" focused="false" long-clickable="false" password="false" scrollable="false" selected="false" bounds="[0,66][1080,2028]" displayed="true">
        <android.widget.LinearLayout index="0" package="com.shaadi.android" class="android.widget.LinearLayout" text="" resource-id="com.shaadi.android:id/action_bar_root" checkable="false" checked="false" clickable="false" enabled="true" focusable="false" focused="false" long-clickable="false" password="false" scrollable="false" selected="false" bounds="[0,66][1080,2028]" displayed="true">
          <android.widget.FrameLayout index="0" package="com.shaadi.android" class="android.widget.FrameLayout" text="" resource-id="android:id/content" checkable="false" checked="false" clickable="false" enabled="true" focusable="false" focused="false" long-clickable="false" password="false" scrollable="false" selected="false" bounds="[0,66][1080,2028]" displayed="true">
            <android.widget.RelativeLayout index="0" package="com.shaadi.android" class="android.widget.RelativeLayout" text="" resource-id="com.shaadi.android:id/main_content" checkable="false" checked="false" clickable="false" enabled="true" focusable="false" focused="false" long-clickable="false" password="false" scrollable="false" selected="false" bounds="[0,66][1080,2028]" displayed="true">
              <android.widget.FrameLayout index="1" package="com.shaadi.android" class="android.widget.FrameLayout" text="" resource-id="com.shaadi.android:id/frame_container" checkable="false" checked="false" clickable="false" enabled="true" focusable="false" focused="false" long-clickable="false" password="false" scrollable="false" selected="false" bounds="[0,66][1080,1870]" displayed="true">
                <android.widget.LinearLayout index="0" package="com.shaadi.android" class="android.widget.LinearLayout" text="" resource-id="com.shaadi.android:id/ll_menu_fragment" checkable="false" checked="false" clickable="false" enabled="true" focusable="false" focused="false" long-clickable="false" password="false" scrollable="false" selected="false" bounds="[0,66][1080,1870]" displayed="true">
                  <android.widget.TextView index="0" package="com.shaadi.android" class="android.widget.TextView" text="My Shaadi" resource-id="com.shaadi.android:id/tvDashboard" checkable="false" checked="false" clickable="false" enabled="true" focusable="false" focused="false" long-clickable="false" password="false" scrollable="false" selected="false" bounds="[0,66][1080,198]" displayed="true" />
                  <android.view.ViewGroup index="1" package="com.shaadi.android" class="android.view.ViewGroup" text="" resource-id="com.shaadi.android:id/swipe_container" checkable="false" checked="false" clickable="false" enabled="true" focusable="false" focused="false" long-clickable="false" password="false" scrollable="false" selected="false" bounds="[0,198][1080,1870]" displayed="true">
                    <android.widget.FrameLayout index="0" package="com.shaadi.android" class="android.widget.FrameLayout" text="" checkable="false" checked="false" clickable="false" enabled="true" focusable="false" focused="false" long-clickable="false" password="false" scrollable="false" selected="false" bounds="[0,198][1080,1870]" displayed="true">
                      <androidx.recyclerview.widget.RecyclerView index="0" package="com.shaadi.android" class="androidx.recyclerview.widget.RecyclerView" text="" resource-id="com.shaadi.android:id/rv_dashboard" checkable="false" checked="false" clickable="false" enabled="true" focusable="true" focused="false" long-clickable="false" password="false" scrollable="true" selected="false" bounds="[0,198][1080,1870]" displayed="true">
                        <androidx.recyclerview.widget.RecyclerView index="0" package="com.shaadi.android" class="androidx.recyclerview.widget.RecyclerView" text="" resource-id="com.shaadi.android:id/recyclerView" checkable="false" checked="false" clickable="false" enabled="true" focusable="true" focused="false" long-clickable="false" password="false" scrollable="false" selected="false" bounds="[0,198][1080,469]" displayed="true">
                          <android.widget.FrameLayout index="0" package="com.shaadi.android" class="android.widget.FrameLayout" text="" checkable="false" checked="false" clickable="false" enabled="true" focusable="true" focused="false" long-clickable="false" password="false" scrollable="false" selected="false" bounds="[0,198][1080,436]" displayed="true">
                            <android.widget.LinearLayout index="0" package="com.shaadi.android" class="android.widget.LinearLayout" text="" resource-id="com.shaadi.android:id/cl_content" checkable="false" checked="false" clickable="false" enabled="true" focusable="false" focused="false" long-clickable="false" password="false" scrollable="false" selected="false" bounds="[0,198][1080,436]" displayed="true">
                              <androidx.recyclerview.widget.RecyclerView index="2" package="com.shaadi.android" class="androidx.recyclerview.widget.RecyclerView" text="" resource-id="com.shaadi.android:id/recycler_view" checkable="false" checked="false" clickable="false" enabled="true" focusable="true" focused="false" long-clickable="false" password="false" scrollable="true" selected="false" bounds="[0,198][1080,333]" displayed="true">
                                <android.view.ViewGroup index="0" package="com.shaadi.android" class="android.view.ViewGroup" text="" resource-id="com.shaadi.android:id/profile_card" checkable="false" checked="false" clickable="false" enabled="true" focusable="false" focused="false" long-clickable="false" password="false" scrollable="false" selected="false" bounds="[22,198][600,333]" displayed="true">
                                  <android.view.ViewGroup index="0" package="com.shaadi.android" class="android.view.ViewGroup" text="" checkable="false" checked="false" clickable="false" enabled="true" focusable="false" focused="false" long-clickable="false" password="false" scrollable="false" selected="false" bounds="[22,198][600,333]" displayed="true">
                                    <android.widget.FrameLayout index="5" package="com.shaadi.android" class="android.widget.FrameLayout" text="" resource-id="com.shaadi.android:id/ctaView" checkable="false" checked="false" clickable="false" enabled="true" focusable="false" focused="false" long-clickable="false" password="false" scrollable="false" selected="false" bounds="[50,198][572,305]" displayed="true">
                                      <android.widget.LinearLayout index="0" package="com.shaadi.android" class="android.widget.LinearLayout" text="" resource-id="com.shaadi.android:id/llConnect" checkable="false" checked="false" clickable="true" enabled="true" focusable="true" focused="false" long-clickable="false" password="false" scrollable="false" selected="false" bounds="[50,198][572,276]" displayed="true">
                                        <android.widget.ImageView index="0" package="com.shaadi.android" class="android.widget.ImageView" text="" resource-id="com.shaadi.android:id/imgConnect" checkable="false" checked="false" clickable="false" enabled="true" focusable="false" focused="false" long-clickable="false" password="false" scrollable="false" selected="false" bounds="[165,201][205,241]" displayed="true" />
                                        <android.widget.TextView index="1" package="com.shaadi.android" class="android.widget.TextView" text="Connect Now" resource-id="com.shaadi.android:id/lblConnect" checkable="false" checked="false" clickable="false" enabled="true" focusable="false" focused="false" long-clickable="false" password="false" scrollable="false" selected="false" bounds="[222,198][456,245]" displayed="true" />
                                      </android.widget.LinearLayout>
                                    </android.widget.FrameLayout>
                                  </android.view.ViewGroup>
                                </android.view.ViewGroup>
                                <android.view.ViewGroup index="1" package="com.shaadi.android" class="android.view.ViewGroup" text="" resource-id="com.shaadi.android:id/profile_card" checkable="false" checked="false" clickable="false" enabled="true" focusable="false" focused="false" long-clickable="false" password="false" scrollable="false" selected="false" bounds="[611,198][1080,333]" displayed="true">
                                  <android.view.ViewGroup index="0" package="com.shaadi.android" class="android.view.ViewGroup" text="" checkable="false" checked="false" clickable="false" enabled="true" focusable="false" focused="false" long-clickable="false" password="false" scrollable="false" selected="false" bounds="[611,198][1080,333]" displayed="true">
                                    <android.widget.FrameLayout index="5" package="com.shaadi.android" class="android.widget.FrameLayout" text="" resource-id="com.shaadi.android:id/ctaView" checkable="false" checked="false" clickable="false" enabled="true" focusable="false" focused="false" long-clickable="false" password="false" scrollable="false" selected="false" bounds="[639,198][1080,305]" displayed="true">
                                      <android.widget.LinearLayout index="0" package="com.shaadi.android" class="android.widget.LinearLayout" text="" resource-id="com.shaadi.android:id/llConnect" checkable="false" checked="false" clickable="true" enabled="true" focusable="true" focused="false" long-clickable="false" password="false" scrollable="false" selected="false" bounds="[639,198][1080,276]" displayed="true">
                                        <android.widget.ImageView index="0" package="com.shaadi.android" class="android.widget.ImageView" text="" resource-id="com.shaadi.android:id/imgConnect" checkable="false" checked="false" clickable="false" enabled="true" focusable="false" focused="false" long-clickable="false" password="false" scrollable="false" selected="false" bounds="[754,201][794,241]" displayed="true" />
                                        <android.widget.TextView index="1" package="com.shaadi.android" class="android.widget.TextView" text="Connect Now" resource-id="com.shaadi.android:id/lblConnect" checkable="false" checked="false" clickable="false" enabled="true" focusable="false" focused="false" long-clickable="false" password="false" scrollable="false" selected="false" bounds="[811,198][1045,245]" displayed="true" />
                                      </android.widget.LinearLayout>
                                    </android.widget.FrameLayout>
                                  </android.view.ViewGroup>
                                </android.view.ViewGroup>
                              </androidx.recyclerview.widget.RecyclerView>
                              <android.widget.TextView index="3" package="com.shaadi.android" class="android.widget.TextView" text="See All" resource-id="com.shaadi.android:id/btn_see_all" checkable="false" checked="false" clickable="true" enabled="true" focusable="true" focused="false" long-clickable="false" password="false" scrollable="false" selected="false" bounds="[0,333][1080,436]" displayed="true" />
                            </android.widget.LinearLayout>
                          </android.widget.FrameLayout>
                        </androidx.recyclerview.widget.RecyclerView>
                        <android.widget.LinearLayout index="1" package="com.shaadi.android" class="android.widget.LinearLayout" text="" checkable="false" checked="false" clickable="false" enabled="true" focusable="false" focused="false" long-clickable="false" password="false" scrollable="false" selected="false" bounds="[0,519][1080,1558]" displayed="true">
                          <android.widget.TextView index="0" package="com.shaadi.android" class="android.widget.TextView" text="Options &amp; Settings" checkable="false" checked="false" clickable="false" enabled="true" focusable="false" focused="false" long-clickable="false" password="false" scrollable="false" selected="false" bounds="[33,519][1080,578]" displayed="true" />
                          <android.widget.FrameLayout index="1" package="com.shaadi.android" class="android.widget.FrameLayout" text="" checkable="false" checked="false" clickable="false" enabled="true" focusable="false" focused="false" long-clickable="false" password="false" scrollable="false" selected="false" bounds="[0,597][1080,1541]" displayed="true">
                            <android.widget.LinearLayout index="0" package="com.shaadi.android" class="android.widget.LinearLayout" text="" checkable="false" checked="false" clickable="false" enabled="true" focusable="false" focused="false" long-clickable="false" password="false" scrollable="false" selected="false" bounds="[0,597][1080,1541]" displayed="true">
                              <androidx.recyclerview.widget.RecyclerView index="0" package="com.shaadi.android" class="androidx.recyclerview.widget.RecyclerView" text="" resource-id="com.shaadi.android:id/rv_settings" checkable="false" checked="false" clickable="false" enabled="true" focusable="true" focused="false" long-clickable="false" password="false" scrollable="false" selected="false" bounds="[0,597][1080,1352]" displayed="true">
                                <android.widget.RelativeLayout index="0" package="com.shaadi.android" class="android.widget.RelativeLayout" text="" resource-id="com.shaadi.android:id/rl_settings_row" checkable="false" checked="false" clickable="true" enabled="true" focusable="true" focused="false" long-clickable="false" password="false" scrollable="false" selected="false" bounds="[0,597][1080,748]" displayed="true">
                                  <android.widget.ImageView index="0" package="com.shaadi.android" class="android.widget.ImageView" text="" resource-id="com.shaadi.android:id/img_icon" checkable="false" checked="false" clickable="false" enabled="true" focusable="false" focused="false" long-clickable="false" password="false" scrollable="false" selected="false" bounds="[61,643][119,701]" displayed="true" />
                                  <android.widget.TextView index="1" package="com.shaadi.android" class="android.widget.TextView" text="Partner Preferences" resource-id="com.shaadi.android:id/txt_title" checkable="false" checked="false" clickable="false" enabled="true" focusable="false" focused="false" long-clickable="false" password="false" scrollable="false" selected="false" bounds="[160,646][510,699]" displayed="true" />
                                  <android.widget.ImageView index="2" package="com.shaadi.android" class="android.widget.ImageView" text="" resource-id="com.shaadi.android:id/img_right_arrow" checkable="false" checked="false" clickable="false" enabled="true" focusable="false" focused="false" long-clickable="false" password="false" scrollable="false" selected="false" bounds="[981,639][1047,705]" displayed="true" />
                                </android.widget.RelativeLayout>
                                <android.widget.RelativeLayout index="1" package="com.shaadi.android" class="android.widget.RelativeLayout" text="" resource-id="com.shaadi.android:id/rl_settings_row" checkable="false" checked="false" clickable="true" enabled="true" focusable="true" focused="false" long-clickable="false" password="false" scrollable="false" selected="false" bounds="[0,748][1080,899]" displayed="true">
                                  <android.widget.ImageView index="0" package="com.shaadi.android" class="android.widget.ImageView" text="" resource-id="com.shaadi.android:id/img_icon" checkable="false" checked="false" clickable="false" enabled="true" focusable="false" focused="false" long-clickable="false" password="false" scrollable="false" selected="false" bounds="[61,794][119,852]" displayed="true" />
                                  <android.widget.TextView index="1" package="com.shaadi.android" class="android.widget.TextView" text="Contact Filters" resource-id="com.shaadi.android:id/txt_title" checkable="false" checked="false" clickable="false" enabled="true" focusable="false" focused="false" long-clickable="false" password="false" scrollable="false" selected="false" bounds="[160,797][413,850]" displayed="true" />
                                  <android.widget.ImageView index="2" package="com.shaadi.android" class="android.widget.ImageView" text="" resource-id="com.shaadi.android:id/img_right_arrow" checkable="false" checked="false" clickable="false" enabled="true" focusable="false" focused="false" long-clickable="false" password="false" scrollable="false" selected="false" bounds="[981,790][1047,856]" displayed="true" />
                                </android.widget.RelativeLayout>
                                <android.widget.RelativeLayout index="2" package="com.shaadi.android" class="android.widget.RelativeLayout" text="" resource-id="com.shaadi.android:id/rl_settings_row" checkable="false" checked="false" clickable="true" enabled="true" focusable="true" focused="false" long-clickable="false" password="false" scrollable="false" selected="false" bounds="[0,899][1080,1050]" displayed="true">
                                  <android.widget.ImageView index="0" package="com.shaadi.android" class="android.widget.ImageView" text="" resource-id="com.shaadi.android:id/img_icon" checkable="false" checked="false" clickable="false" enabled="true" focusable="false" focused="false" long-clickable="false" password="false" scrollable="false" selected="false" bounds="[61,945][119,1003]" displayed="true" />
                                  <android.widget.TextView index="1" package="com.shaadi.android" class="android.widget.TextView" text="Account Settings" resource-id="com.shaadi.android:id/txt_title" checkable="false" checked="false" clickable="false" enabled="true" focusable="false" focused="false" long-clickable="false" password="false" scrollable="false" selected="false" bounds="[160,948][457,1001]" displayed="true" />
                                  <android.widget.ImageView index="2" package="com.shaadi.android" class="android.widget.ImageView" text="" resource-id="com.shaadi.android:id/img_right_arrow" checkable="false" checked="false" clickable="false" enabled="true" focusable="false" focused="false" long-clickable="false" password="false" scrollable="false" selected="false" bounds="[981,941][1047,1007]" displayed="true" />
                                </android.widget.RelativeLayout>
                                <android.widget.RelativeLayout index="3" package="com.shaadi.android" class="android.widget.RelativeLayout" text="" resource-id="com.shaadi.android:id/rl_settings_row" checkable="false" checked="false" clickable="true" enabled="true" focusable="true" focused="false" long-clickable="false" password="false" scrollable="false" selected="false" bounds="[0,1050][1080,1201]" displayed="true">
                                  <android.widget.ImageView index="0" package="com.shaadi.android" class="android.widget.ImageView" text="" resource-id="com.shaadi.android:id/img_icon" checkable="false" checked="false" clickable="false" enabled="true" focusable="false" focused="false" long-clickable="false" password="false" scrollable="false" selected="false" bounds="[61,1096][119,1154]" displayed="true" />
                                  <android.widget.TextView index="1" package="com.shaadi.android" class="android.widget.TextView" text="Help &amp; Support" resource-id="com.shaadi.android:id/txt_title" checkable="false" checked="false" clickable="false" enabled="true" focusable="false" focused="false" long-clickable="false" password="false" scrollable="false" selected="false" bounds="[160,1099][422,1152]" displayed="true" />
                                  <android.widget.ImageView index="2" package="com.shaadi.android" class="android.widget.ImageView" text="" resource-id="com.shaadi.android:id/img_right_arrow" checkable="false" checked="false" clickable="false" enabled="true" focusable="false" focused="false" long-clickable="false" password="false" scrollable="false" selected="false" bounds="[981,1092][1047,1158]" displayed="true" />
                                </android.widget.RelativeLayout>
                                <android.widget.RelativeLayout index="4" package="com.shaadi.android" class="android.widget.RelativeLayout" text="" resource-id="com.shaadi.android:id/rl_settings_row" checkable="false" checked="false" clickable="true" enabled="true" focusable="true" focused="false" long-clickable="false" password="false" scrollable="false" selected="false" bounds="[0,1201][1080,1352]" displayed="true">
                                  <android.widget.ImageView index="0" package="com.shaadi.android" class="android.widget.ImageView" text="" resource-id="com.shaadi.android:id/img_icon" checkable="false" checked="false" clickable="false" enabled="true" focusable="false" focused="false" long-clickable="false" password="false" scrollable="false" selected="false" bounds="[61,1247][119,1305]" displayed="true" />
                                  <android.widget.ImageView index="1" package="com.shaadi.android" class="android.widget.ImageView" text="" resource-id="com.shaadi.android:id/imgv_new_count_indication" checkable="false" checked="false" clickable="false" enabled="true" focusable="false" focused="false" long-clickable="false" password="false" scrollable="false" selected="false" bounds="[91,1248][124,1281]" displayed="true" />
                                  <android.widget.TextView index="2" package="com.shaadi.android" class="android.widget.TextView" text="Notifications" resource-id="com.shaadi.android:id/txt_title" checkable="false" checked="false" clickable="false" enabled="true" focusable="false" focused="false" long-clickable="false" password="false" scrollable="false" selected="false" bounds="[160,1250][381,1303]" displayed="true" />
                                  <android.widget.ImageView index="3" package="com.shaadi.android" class="android.widget.ImageView" text="" resource-id="com.shaadi.android:id/img_right_arrow" checkable="false" checked="false" clickable="false" enabled="true" focusable="false" focused="false" long-clickable="false" password="false" scrollable="false" selected="false" bounds="[981,1243][1047,1309]" displayed="true" />
                                </android.widget.RelativeLayout>
                              </androidx.recyclerview.widget.RecyclerView>
                              <android.view.View index="1" package="com.shaadi.android" class="android.view.View" text="" resource-id="com.shaadi.android:id/view" checkable="false" checked="false" clickable="false" enabled="true" focusable="false" focused="false" long-clickable="false" password="false" scrollable="false" selected="false" bounds="[0,1352][1080,1353]" displayed="true" />
                              <android.widget.RelativeLayout index="2" package="com.shaadi.android" class="android.widget.RelativeLayout" text="" resource-id="com.shaadi.android:id/rl_rate_our_app" checkable="false" checked="false" clickable="true" enabled="true" focusable="true" focused="false" long-clickable="false" password="false" scrollable="false" selected="false" bounds="[0,1353][1080,1541]" displayed="true">
                                <android.widget.ImageView index="0" package="com.shaadi.android" class="android.widget.ImageView" text="" resource-id="com.shaadi.android:id/img_icon" checkable="false" checked="false" clickable="false" enabled="true" focusable="false" focused="false" long-clickable="false" password="false" scrollable="false" selected="false" bounds="[61,1418][119,1476]" displayed="true" />
                                <android.widget.TextView index="1" package="com.shaadi.android" class="android.widget.TextView" text="Rate the App" resource-id="com.shaadi.android:id/txt_title" checkable="false" checked="false" clickable="false" enabled="true" focusable="false" focused="false" long-clickable="false" password="false" scrollable="false" selected="false" bounds="[160,1394][383,1447]" displayed="true" />
                                <android.widget.TextView index="2" package="com.shaadi.android" class="android.widget.TextView" text="Make your opinion count" resource-id="com.shaadi.android:id/txt_subtitle" checkable="false" checked="false" clickable="false" enabled="true" focusable="false" focused="false" long-clickable="false" password="false" scrollable="false" selected="false" bounds="[160,1447][522,1491]" displayed="true" />
                              </android.widget.RelativeLayout>
                            </android.widget.LinearLayout>
                          </android.widget.FrameLayout>
                        </android.widget.LinearLayout>
                        <android.widget.LinearLayout index="2" package="com.shaadi.android" class="android.widget.LinearLayout" text="" checkable="false" checked="false" clickable="false" enabled="true" focusable="false" focused="false" long-clickable="false" password="false" scrollable="false" selected="false" bounds="[0,1558][1080,1870]" displayed="true">
                          <android.widget.RelativeLayout index="0" package="com.shaadi.android" class="android.widget.RelativeLayout" text="" checkable="false" checked="false" clickable="false" enabled="true" focusable="false" focused="false" long-clickable="false" password="false" scrollable="false" selected="false" bounds="[0,1616][1080,1870]" displayed="true">
                            <android.widget.TextView index="0" package="com.shaadi.android" class="android.widget.TextView" text=" Terms &amp; Conditions " resource-id="com.shaadi.android:id/textpolicy" checkable="false" checked="false" clickable="true" enabled="true" focusable="true" focused="false" long-clickable="false" password="false" scrollable="false" selected="false" bounds="[402,1657][677,1698]" displayed="true" />
                            <android.widget.TextView index="1" package="com.shaadi.android" class="android.widget.TextView" text="Copyright © 1996-2021 Shaadi.com" resource-id="com.shaadi.android:id/copyright" checkable="false" checked="false" clickable="false" enabled="true" focusable="false" focused="false" long-clickable="false" password="false" scrollable="false" selected="false" bounds="[274,1728][806,1769]" displayed="true" />
                            <android.widget.TextView index="2" package="com.shaadi.android" class="android.widget.TextView" text="Version 7.23.2" resource-id="com.shaadi.android:id/version_name" checkable="false" checked="false" clickable="false" enabled="true" focusable="false" focused="false" long-clickable="false" password="false" scrollable="false" selected="false" bounds="[416,1788][663,1829]" displayed="true" />
                          </android.widget.RelativeLayout>
                        </android.widget.LinearLayout>
                      </androidx.recyclerview.widget.RecyclerView>
                    </android.widget.FrameLayout>
                  </android.view.ViewGroup>
                </android.widget.LinearLayout>
              </android.widget.FrameLayout>
              <android.widget.ImageView index="2" package="com.shaadi.android" class="android.widget.ImageView" text="" resource-id="com.shaadi.android:id/iv_bottom_shadow" checkable="false" checked="false" clickable="false" enabled="true" focusable="false" focused="false" long-clickable="false" password="false" scrollable="false" selected="false" bounds="[0,1856][1080,1870]" displayed="true" />
              <android.widget.LinearLayout index="3" package="com.shaadi.android" class="android.widget.LinearLayout" text="" resource-id="com.shaadi.android:id/bottom_menu_container" checkable="false" checked="false" clickable="false" enabled="true" focusable="false" focused="false" long-clickable="false" password="false" scrollable="false" selected="false" bounds="[0,1870][1080,2028]" displayed="true">
                <android.widget.LinearLayout index="0" package="com.shaadi.android" class="android.widget.LinearLayout" text="" resource-id="com.shaadi.android:id/bottom_menu" checkable="false" checked="false" clickable="false" enabled="true" focusable="false" focused="false" long-clickable="false" password="false" scrollable="false" selected="false" bounds="[0,1870][1080,2028]" displayed="true">
                  <android.widget.RelativeLayout index="0" package="com.shaadi.android" class="android.widget.RelativeLayout" text="" resource-id="com.shaadi.android:id/rlMyShaadi" checkable="false" checked="false" clickable="true" enabled="true" focusable="true" focused="false" long-clickable="false" password="false" scrollable="false" selected="false" bounds="[0,1870][216,2015]" displayed="true">
                    <android.widget.TextView index="0" package="com.shaadi.android" class="android.widget.TextView" text="" resource-id="com.shaadi.android:id/imgMyShaadi" checkable="false" checked="false" clickable="false" enabled="true" focusable="false" focused="false" long-clickable="false" password="false" scrollable="false" selected="false" bounds="[66,1870][149,1976]" displayed="true" />
                    <android.widget.TextView index="1" package="com.shaadi.android" class="android.widget.TextView" text="Home" resource-id="com.shaadi.android:id/tvMyShaadi" checkable="false" checked="false" clickable="false" enabled="true" focusable="false" focused="false" long-clickable="false" password="false" scrollable="false" selected="false" bounds="[0,1976][216,2015]" displayed="true" />
                  </android.widget.RelativeLayout>
                  <android.widget.RelativeLayout index="1" package="com.shaadi.android" class="android.widget.RelativeLayout" text="" resource-id="com.shaadi.android:id/rlMatches" checkable="false" checked="false" clickable="true" enabled="true" focusable="true" focused="false" long-clickable="false" password="false" scrollable="false" selected="false" bounds="[216,1870][432,2017]" displayed="true">
                    <android.widget.TextView index="0" package="com.shaadi.android" class="android.widget.TextView" text="" resource-id="com.shaadi.android:id/imgMatches" checkable="false" checked="false" clickable="false" enabled="true" focusable="false" focused="false" long-clickable="false" password="false" scrollable="false" selected="false" bounds="[280,1870][368,1978]" displayed="true" />
                    <android.widget.TextView index="1" package="com.shaadi.android" class="android.widget.TextView" text="Matches" resource-id="com.shaadi.android:id/tvMatches" checkable="false" checked="false" clickable="false" enabled="true" focusable="false" focused="false" long-clickable="false" password="false" scrollable="false" selected="false" bounds="[216,1978][432,2017]" displayed="true" />
                  </android.widget.RelativeLayout>
                  <android.widget.RelativeLayout index="2" package="com.shaadi.android" class="android.widget.RelativeLayout" text="" resource-id="com.shaadi.android:id/rlInvite" checkable="false" checked="false" clickable="true" enabled="true" focusable="true" focused="false" long-clickable="false" password="false" scrollable="false" selected="false" bounds="[432,1870][648,2015]" displayed="true">
                    <android.widget.TextView index="0" package="com.shaadi.android" class="android.widget.TextView" text="" resource-id="com.shaadi.android:id/imgInvites" checkable="false" checked="false" clickable="false" enabled="true" focusable="false" focused="false" long-clickable="false" password="false" scrollable="false" selected="false" bounds="[498,1870][581,1976]" displayed="true" />
                    <android.widget.TextView index="1" package="com.shaadi.android" class="android.widget.TextView" text="4" resource-id="com.shaadi.android:id/tvInviteCount" checkable="false" checked="false" clickable="false" enabled="true" focusable="false" focused="false" long-clickable="false" password="false" scrollable="false" selected="false" bounds="[559,1887][611,1939]" displayed="true" />
                    <android.widget.TextView index="2" package="com.shaadi.android" class="android.widget.TextView" text="Inbox" resource-id="com.shaadi.android:id/tvInvites" checkable="false" checked="false" clickable="false" enabled="true" focusable="false" focused="false" long-clickable="false" password="false" scrollable="false" selected="false" bounds="[432,1976][648,2015]" displayed="true" />
                  </android.widget.RelativeLayout>
                  <android.widget.RelativeLayout index="3" package="com.shaadi.android" class="android.widget.RelativeLayout" text="" resource-id="com.shaadi.android:id/rlChat" checkable="false" checked="false" clickable="true" enabled="true" focusable="true" focused="false" long-clickable="false" password="false" scrollable="false" selected="false" bounds="[648,1870][864,2017]" displayed="true">
                    <android.widget.TextView index="0" package="com.shaadi.android" class="android.widget.TextView" text="" resource-id="com.shaadi.android:id/imgChat" checkable="false" checked="false" clickable="false" enabled="true" focusable="false" focused="false" long-clickable="false" password="false" scrollable="false" selected="false" bounds="[712,1870][800,1978]" displayed="true" />
                    <android.widget.TextView index="1" package="com.shaadi.android" class="android.widget.TextView" text="9" resource-id="com.shaadi.android:id/tvChatCount" checkable="false" checked="false" clickable="false" enabled="true" focusable="false" focused="false" long-clickable="false" password="false" scrollable="false" selected="false" bounds="[778,1884][830,1936]" displayed="true" />
                    <android.widget.TextView index="2" package="com.shaadi.android" class="android.widget.TextView" text="Chat" resource-id="com.shaadi.android:id/tvChat" checkable="false" checked="false" clickable="false" enabled="true" focusable="false" focused="false" long-clickable="false" password="false" scrollable="false" selected="false" bounds="[648,1978][864,2017]" displayed="true" />
                  </android.widget.RelativeLayout>
                  <android.widget.RelativeLayout index="4" package="com.shaadi.android" class="android.widget.RelativeLayout" text="" resource-id="com.shaadi.android:id/rlPremium" checkable="false" checked="false" clickable="true" enabled="true" focusable="true" focused="false" long-clickable="false" password="false" scrollable="false" selected="false" bounds="[864,1870][1080,2017]" displayed="true">
                    <android.widget.TextView index="0" package="com.shaadi.android" class="android.widget.TextView" text="" resource-id="com.shaadi.android:id/imgPremium" checkable="false" checked="false" clickable="false" enabled="true" focusable="false" focused="false" long-clickable="false" password="false" scrollable="false" selected="false" bounds="[925,1870][1019,1978]" displayed="true" />
                    <android.widget.ImageView index="1" package="com.shaadi.android" class="android.widget.ImageView" text="" resource-id="com.shaadi.android:id/lblPremiumDot" checkable="false" checked="false" clickable="false" enabled="true" focusable="false" focused="false" long-clickable="false" password="false" scrollable="false" selected="false" bounds="[997,1881][1019,1903]" displayed="true" />
                    <android.widget.TextView index="2" package="com.shaadi.android" class="android.widget.TextView" text="Premium" resource-id="com.shaadi.android:id/tvPremium" checkable="false" checked="false" clickable="false" enabled="true" focusable="false" focused="false" long-clickable="false" password="false" scrollable="false" selected="false" bounds="[864,1978][1080,2017]" displayed="true" />
                  </android.widget.RelativeLayout>
                </android.widget.LinearLayout>
              </android.widget.LinearLayout>
            </android.widget.RelativeLayout>
          </android.widget.FrameLayout>
        </android.widget.LinearLayout>
      </android.widget.FrameLayout>
    </android.widget.LinearLayout>
  </android.widget.FrameLayout>
</hierarchy>
]]></system-out>
  </testcase>
</testsuite>