<?xml version="1.0" encoding="UTF-8"?>
<testng-results ignored="0" total="4" passed="3" failed="1" skipped="0">
  <reporter-output>
  </reporter-output>
  <suite started-at="2021-08-16T17:53:49 IST" name="Default suite" finished-at="2021-08-16T17:57:25 IST" duration-ms="216092">
    <groups>
    </groups>
    <test started-at="2021-08-16T17:53:49 IST" name="Default test" finished-at="2021-08-16T17:57:25 IST" duration-ms="216092">
      <class name="AutomationFramework.mobile.ShaadiAndroidApp">
        <test-method is-config="true" signature="capabilities()[pri:0, instance:AutomationFramework.mobile.ShaadiAndroidApp@455b6df1]" started-at="2021-08-16T17:53:49 IST" name="capabilities" finished-at="2021-08-16T17:54:21 IST" duration-ms="32138" status="PASS">
          <reporter-output>
          </reporter-output>
        </test-method> <!-- capabilities -->
        <test-method signature="loginApp()[pri:1, instance:AutomationFramework.mobile.ShaadiAndroidApp@455b6df1]" started-at="2021-08-16T17:54:21 IST" name="loginApp" finished-at="2021-08-16T17:54:40 IST" duration-ms="18753" status="PASS">
          <reporter-output>
          </reporter-output>
        </test-method> <!-- loginApp -->
        <test-method signature="navigateShaadiPage()[pri:2, instance:AutomationFramework.mobile.ShaadiAndroidApp@455b6df1]" started-at="2021-08-16T17:54:40 IST" name="navigateShaadiPage" finished-at="2021-08-16T17:56:11 IST" duration-ms="91352" status="PASS">
          <reporter-output>
          </reporter-output>
        </test-method> <!-- navigateShaadiPage -->
        <test-method signature="sendConnectiontoPrimiumMatch()[pri:2, instance:AutomationFramework.mobile.ShaadiAndroidApp@455b6df1]" started-at="2021-08-16T17:56:11 IST" name="sendConnectiontoPrimiumMatch" finished-at="2021-08-16T17:56:50 IST" duration-ms="38204" status="PASS">
          <reporter-output>
          </reporter-output>
        </test-method> <!-- sendConnectiontoPrimiumMatch -->
        <test-method signature="sendConnectiontoNewMatch()[pri:3, instance:AutomationFramework.mobile.ShaadiAndroidApp@455b6df1]" started-at="2021-08-16T17:56:50 IST" name="sendConnectiontoNewMatch" finished-at="2021-08-16T17:57:25 IST" duration-ms="35515" status="FAIL">
          <exception class="org.openqa.selenium.NoSuchElementException">
            <message>
              <![CDATA[An element could not be located on the page using the given search parameters. (WARNING: The server did not provide any stacktrace information)
Command duration or timeout: 0 milliseconds
For documentation on this error, please visit: https://www.seleniumhq.org/exceptions/no_such_element.html
Build info: version: '3.141.59', revision: 'e82be7d358', time: '2018-11-14T08:17:03'
System info: host: 'M5337769', ip: '172.30.128.1', os.name: 'Windows 10', os.arch: 'amd64', os.version: '10.0', java.version: '15.0.2'
Driver info: io.appium.java_client.android.AndroidDriver
Capabilities {64bit: false, acceptSslCert: false, acceptSslCerts: false, adbExecTimeout: 120000, appActivity: com.shaadi.android.ui.splas..., appPackage: com.shaadi.android, automationName: uiautomator2, browserstack.appium_version: 1.17.0, browserstack.is_hub_canary: false, browserstack.minOSVersion: 5.0, bundleID: com.shaadi.android, bundleId: com.shaadi.android, chromeOptions: {w3c: false}, chromedriverPort: 18082, chromedriverPorts: [[18122, 18132]], databaseEnabled: false, detected_language: selenium/3.141.59 (java win..., device: google pixel 3, deviceApiLevel: 28, deviceManufacturer: Google, deviceModel: Pixel 3, deviceName: 88PX01WJ5, deviceScreenDensity: 440, deviceScreenSize: 1080x2160, deviceUDID: 88PX01WJ5, enablePerformanceLogging: false, javascriptEnabled: true, locationContextEnabled: false, mobile: {browser: mobile, version: Google Pixel 3-9.0}, nativeWebScreenshot: true, networkConnectionEnabled: true, newCommandTimeout: 0, new_bucketing: true, orig_os: android, osVersion: 9.0, os_version: 9.0, pixelRatio: 2.75, platform: ANDROID, platformName: Android, platformVersion: 9, realMobile: true, skipServerInstallation: true, statBarHeight: 66, systemPort: 8202, takesScreenshot: true, udid: 88PX01WJ5, uiautomator2ServerLaunchTimeout: 60000, version: , viewportRect: {height: 1962, left: 0, top: 66, width: 1080}, warnings: {}, webStorageEnabled: false}
Session ID: 37f742f143a2eab3d4f5c24d6780404ed501cf53
*** Element info: {Using=xpath, value=//android.widget.TextView[@text='New Matches']}]]>
            </message>
            <full-stacktrace>
              <![CDATA[org.openqa.selenium.NoSuchElementException: An element could not be located on the page using the given search parameters. (WARNING: The server did not provide any stacktrace information)
Command duration or timeout: 0 milliseconds
For documentation on this error, please visit: https://www.seleniumhq.org/exceptions/no_such_element.html
Build info: version: '3.141.59', revision: 'e82be7d358', time: '2018-11-14T08:17:03'
System info: host: 'M5337769', ip: '172.30.128.1', os.name: 'Windows 10', os.arch: 'amd64', os.version: '10.0', java.version: '15.0.2'
Driver info: io.appium.java_client.android.AndroidDriver
Capabilities {64bit: false, acceptSslCert: false, acceptSslCerts: false, adbExecTimeout: 120000, appActivity: com.shaadi.android.ui.splas..., appPackage: com.shaadi.android, automationName: uiautomator2, browserstack.appium_version: 1.17.0, browserstack.is_hub_canary: false, browserstack.minOSVersion: 5.0, bundleID: com.shaadi.android, bundleId: com.shaadi.android, chromeOptions: {w3c: false}, chromedriverPort: 18082, chromedriverPorts: [[18122, 18132]], databaseEnabled: false, detected_language: selenium/3.141.59 (java win..., device: google pixel 3, deviceApiLevel: 28, deviceManufacturer: Google, deviceModel: Pixel 3, deviceName: 88PX01WJ5, deviceScreenDensity: 440, deviceScreenSize: 1080x2160, deviceUDID: 88PX01WJ5, enablePerformanceLogging: false, javascriptEnabled: true, locationContextEnabled: false, mobile: {browser: mobile, version: Google Pixel 3-9.0}, nativeWebScreenshot: true, networkConnectionEnabled: true, newCommandTimeout: 0, new_bucketing: true, orig_os: android, osVersion: 9.0, os_version: 9.0, pixelRatio: 2.75, platform: ANDROID, platformName: Android, platformVersion: 9, realMobile: true, skipServerInstallation: true, statBarHeight: 66, systemPort: 8202, takesScreenshot: true, udid: 88PX01WJ5, uiautomator2ServerLaunchTimeout: 60000, version: , viewportRect: {height: 1962, left: 0, top: 66, width: 1080}, warnings: {}, webStorageEnabled: false}
Session ID: 37f742f143a2eab3d4f5c24d6780404ed501cf53
*** Element info: {Using=xpath, value=//android.widget.TextView[@text='New Matches']}
at java.base/jdk.internal.reflect.NativeConstructorAccessorImpl.newInstance0(Native Method)
at java.base/jdk.internal.reflect.NativeConstructorAccessorImpl.newInstance(NativeConstructorAccessorImpl.java:64)
at java.base/jdk.internal.reflect.DelegatingConstructorAccessorImpl.newInstance(DelegatingConstructorAccessorImpl.java:45)
at java.base/java.lang.reflect.Constructor.newInstanceWithCaller(Constructor.java:500)
at java.base/java.lang.reflect.Constructor.newInstance(Constructor.java:481)
at org.openqa.selenium.remote.ErrorHandler.createThrowable(ErrorHandler.java:214)
at org.openqa.selenium.remote.ErrorHandler.throwIfResponseFailed(ErrorHandler.java:166)
at org.openqa.selenium.remote.http.JsonHttpResponseCodec.reconstructValue(JsonHttpResponseCodec.java:40)
at org.openqa.selenium.remote.http.AbstractHttpResponseCodec.decode(AbstractHttpResponseCodec.java:80)
at org.openqa.selenium.remote.http.AbstractHttpResponseCodec.decode(AbstractHttpResponseCodec.java:44)
at org.openqa.selenium.remote.HttpCommandExecutor.execute(HttpCommandExecutor.java:158)
at io.appium.java_client.remote.AppiumCommandExecutor.execute(AppiumCommandExecutor.java:239)
at org.openqa.selenium.remote.RemoteWebDriver.execute(RemoteWebDriver.java:552)
at io.appium.java_client.DefaultGenericMobileDriver.execute(DefaultGenericMobileDriver.java:41)
at io.appium.java_client.AppiumDriver.execute(AppiumDriver.java:1)
at io.appium.java_client.android.AndroidDriver.execute(AndroidDriver.java:1)
at org.openqa.selenium.remote.RemoteWebDriver.findElement(RemoteWebDriver.java:323)
at io.appium.java_client.DefaultGenericMobileDriver.findElement(DefaultGenericMobileDriver.java:61)
at io.appium.java_client.AppiumDriver.findElement(AppiumDriver.java:1)
at io.appium.java_client.android.AndroidDriver.findElement(AndroidDriver.java:1)
at org.openqa.selenium.remote.RemoteWebDriver.findElementByXPath(RemoteWebDriver.java:428)
at io.appium.java_client.DefaultGenericMobileDriver.findElementByXPath(DefaultGenericMobileDriver.java:151)
at io.appium.java_client.AppiumDriver.findElementByXPath(AppiumDriver.java:1)
at io.appium.java_client.android.AndroidDriver.findElementByXPath(AndroidDriver.java:1)
at AutomationFramework.mobile.ShaadiAndroidApp.sendConnectiontoNewMatch(ShaadiAndroidApp.java:157)
at java.base/jdk.internal.reflect.NativeMethodAccessorImpl.invoke0(Native Method)
at java.base/jdk.internal.reflect.NativeMethodAccessorImpl.invoke(NativeMethodAccessorImpl.java:64)
at java.base/jdk.internal.reflect.DelegatingMethodAccessorImpl.invoke(DelegatingMethodAccessorImpl.java:43)
at java.base/java.lang.reflect.Method.invoke(Method.java:564)
at org.testng.internal.MethodInvocationHelper.invokeMethod(MethodInvocationHelper.java:132)
at org.testng.internal.TestInvoker.invokeMethod(TestInvoker.java:599)
at org.testng.internal.TestInvoker.invokeTestMethod(TestInvoker.java:174)
at org.testng.internal.MethodRunner.runInSequence(MethodRunner.java:46)
at org.testng.internal.TestInvoker$MethodInvocationAgent.invoke(TestInvoker.java:822)
at org.testng.internal.TestInvoker.invokeTestMethods(TestInvoker.java:147)
at org.testng.internal.TestMethodWorker.invokeTestMethods(TestMethodWorker.java:146)
at org.testng.internal.TestMethodWorker.run(TestMethodWorker.java:128)
at java.base/java.util.ArrayList.forEach(ArrayList.java:1511)
at org.testng.TestRunner.privateRun(TestRunner.java:764)
at org.testng.TestRunner.run(TestRunner.java:585)
at org.testng.SuiteRunner.runTest(SuiteRunner.java:384)
at org.testng.SuiteRunner.runSequentially(SuiteRunner.java:378)
at org.testng.SuiteRunner.privateRun(SuiteRunner.java:337)
at org.testng.SuiteRunner.run(SuiteRunner.java:286)
at org.testng.SuiteRunnerWorker.runSuite(SuiteRunnerWorker.java:53)
at org.testng.SuiteRunnerWorker.run(SuiteRunnerWorker.java:96)
at org.testng.TestNG.runSuitesSequentially(TestNG.java:1218)
at org.testng.TestNG.runSuitesLocally(TestNG.java:1140)
at org.testng.TestNG.runSuites(TestNG.java:1069)
at org.testng.TestNG.run(TestNG.java:1037)
at org.testng.remote.AbstractRemoteTestNG.run(AbstractRemoteTestNG.java:115)
at org.testng.remote.RemoteTestNG.initAndRun(RemoteTestNG.java:251)
at org.testng.remote.RemoteTestNG.main(RemoteTestNG.java:77)
]]>
            </full-stacktrace>
          </exception> <!-- org.openqa.selenium.NoSuchElementException -->
          <reporter-output>
          </reporter-output>
        </test-method> <!-- sendConnectiontoNewMatch -->
      </class> <!-- AutomationFramework.mobile.ShaadiAndroidApp -->
    </test> <!-- Default test -->
  </suite> <!-- Default suite -->
</testng-results>
